<?xml version="1.0" encoding="UTF-8"?>
<!-- Generated by org.testng.reporters.JUnitXMLReporter -->
<testsuite hostname="Gaius" name="Default test" tests="17" failures="0" timestamp="28 Feb 2014 00:49:56 GMT" time="1.858" errors="0">
  <testcase name="testWordToSignature" time="1.816" classname="predictive.testPredictivePrototype"/>
  <testcase name="biggerTest" time="0.0" classname="bstexercise.testing"/>
  <testcase name="delete2Test" time="0.0" classname="bstexercise.testing"/>
  <testcase name="deleteLargestTest" time="0.001" classname="bstexercise.testing"/>
  <testcase name="deleteSmallestTest" time="0.0" classname="bstexercise.testing"/>
  <testcase name="deleteTest" time="0.0" classname="bstexercise.testing"/>
  <testcase name="findTest" time="0.001" classname="bstexercise.testing"/>
  <testcase name="hasTest" time="0.0" classname="bstexercise.testing"/>
  <testcase name="heightTest" time="0.0" classname="bstexercise.testing"/>
  <testcase name="insertTest" time="0.001" classname="bstexercise.testing"/>
  <testcase name="isEmptyTest" time="0.001" classname="bstexercise.testing"/>
  <testcase name="largestTest" time="0.0" classname="bstexercise.testing"/>
  <testcase name="saveInOrderTest" time="0.0" classname="bstexercise.testing"/>
  <testcase name="sizeTest" time="0.001" classname="bstexercise.testing"/>
  <testcase name="smallerTest" time="0.0" classname="bstexercise.testing"/>
  <testcase name="smallestTest" time="0.0" classname="bstexercise.testing"/>
  <testcase name="toStringTest" time="0.0" classname="bstexercise.testing"/>
</testsuite> <!-- Default test -->
