<?xml version="1.0" encoding="UTF-8"?>
<testng-results skipped="0" failed="1" total="2" passed="1">
  <reporter-output>
  </reporter-output>
  <suite name="Default suite" duration-ms="10799" started-at="2014-03-06T17:40:50Z" finished-at="2014-03-06T17:41:01Z">
    <groups>
    </groups>
    <test name="Default test" duration-ms="10799" started-at="2014-03-06T17:40:50Z" finished-at="2014-03-06T17:41:01Z">
      <class name="predictive.testPredictivePrototype">
        <test-method status="PASS" signature="setup()[pri:0, instance:predictive.testPredictivePrototype@370ae6fc]" name="setup" is-config="true" duration-ms="4" started-at="2014-03-06T17:40:50Z" finished-at="2014-03-06T17:40:50Z">
          <reporter-output>
          </reporter-output>
        </test-method> <!-- setup -->
        <test-method status="FAIL" signature="testSignatureToWord()[pri:0, instance:predictive.testPredictivePrototype@370ae6fc]" name="testSignatureToWord" duration-ms="9104" started-at="2014-03-06T17:40:50Z" finished-at="2014-03-06T17:40:59Z">
          <exception class="java.lang.NullPointerException">
            <full-stacktrace>
              <![CDATA[java.lang.NullPointerException
	at predictive.testPredictivePrototype.testSignatureToWord(testPredictivePrototype.java:33)
	at sun.reflect.NativeMethodAccessorImpl.invoke0(Native Method)
	at sun.reflect.NativeMethodAccessorImpl.invoke(Unknown Source)
	at sun.reflect.DelegatingMethodAccessorImpl.invoke(Unknown Source)
	at java.lang.reflect.Method.invoke(Unknown Source)
	at org.testng.internal.MethodInvocationHelper.invokeMethod(MethodInvocationHelper.java:84)
	at org.testng.internal.Invoker.invokeMethod(Invoker.java:714)
	at org.testng.internal.Invoker.invokeTestMethod(Invoker.java:901)
	at org.testng.internal.Invoker.invokeTestMethods(Invoker.java:1231)
	at org.testng.internal.TestMethodWorker.invokeTestMethods(TestMethodWorker.java:127)
	at org.testng.internal.TestMethodWorker.run(TestMethodWorker.java:111)
	at org.testng.TestRunner.privateRun(TestRunner.java:767)
	at org.testng.TestRunner.run(TestRunner.java:617)
	at org.testng.SuiteRunner.runTest(SuiteRunner.java:334)
	at org.testng.SuiteRunner.runSequentially(SuiteRunner.java:329)
	at org.testng.SuiteRunner.privateRun(SuiteRunner.java:291)
	at org.testng.SuiteRunner.run(SuiteRunner.java:240)
	at org.testng.SuiteRunnerWorker.runSuite(SuiteRunnerWorker.java:52)
	at org.testng.SuiteRunnerWorker.run(SuiteRunnerWorker.java:86)
	at org.testng.TestNG.runSuitesSequentially(TestNG.java:1224)
	at org.testng.TestNG.runSuitesLocally(TestNG.java:1149)
	at org.testng.TestNG.run(TestNG.java:1057)
	at org.testng.remote.RemoteTestNG.run(RemoteTestNG.java:111)
	at org.testng.remote.RemoteTestNG.initAndRun(RemoteTestNG.java:204)
	at org.testng.remote.RemoteTestNG.main(RemoteTestNG.java:175)
]]>
            </full-stacktrace>
          </exception> <!-- java.lang.NullPointerException -->
          <reporter-output>
          </reporter-output>
        </test-method> <!-- testSignatureToWord -->
        <test-method status="PASS" signature="setup()[pri:0, instance:predictive.testPredictivePrototype@370ae6fc]" name="setup" is-config="true" duration-ms="0" started-at="2014-03-06T17:40:59Z" finished-at="2014-03-06T17:40:59Z">
          <reporter-output>
          </reporter-output>
        </test-method> <!-- setup -->
        <test-method status="PASS" signature="testWordToSignature()[pri:0, instance:predictive.testPredictivePrototype@370ae6fc]" name="testWordToSignature" duration-ms="1677" started-at="2014-03-06T17:40:59Z" finished-at="2014-03-06T17:41:01Z">
          <reporter-output>
          </reporter-output>
        </test-method> <!-- testWordToSignature -->
      </class> <!-- predictive.testPredictivePrototype -->
    </test> <!-- Default test -->
  </suite> <!-- Default suite -->
</testng-results>
