<?xml version="1.0" encoding="UTF-8"?>
<testng-results skipped="0" failed="0" total="2" passed="2">
  <reporter-output>
  </reporter-output>
  <suite name="Default suite" duration-ms="14859" started-at="2014-03-02T12:44:50Z" finished-at="2014-03-02T12:45:05Z">
    <groups>
    </groups>
    <test name="Default test" duration-ms="14859" started-at="2014-03-02T12:44:50Z" finished-at="2014-03-02T12:45:05Z">
      <class name="predictive.testPredictivePrototype">
        <test-method status="PASS" signature="setup()[pri:0, instance:predictive.testPredictivePrototype@52988584]" name="setup" is-config="true" duration-ms="5" started-at="2014-03-02T12:44:50Z" finished-at="2014-03-02T12:44:50Z">
          <reporter-output>
          </reporter-output>
        </test-method> <!-- setup -->
        <test-method status="PASS" signature="testSignatureToWord()[pri:0, instance:predictive.testPredictivePrototype@52988584]" name="testSignatureToWord" duration-ms="13336" started-at="2014-03-02T12:44:50Z" finished-at="2014-03-02T12:45:03Z">
          <reporter-output>
          </reporter-output>
        </test-method> <!-- testSignatureToWord -->
        <test-method status="PASS" signature="testWordToSignature()[pri:0, instance:predictive.testPredictivePrototype@52988584]" name="testWordToSignature" duration-ms="1509" started-at="2014-03-02T12:45:03Z" finished-at="2014-03-02T12:45:05Z">
          <reporter-output>
          </reporter-output>
        </test-method> <!-- testWordToSignature -->
        <test-method status="PASS" signature="setup()[pri:0, instance:predictive.testPredictivePrototype@52988584]" name="setup" is-config="true" duration-ms="0" started-at="2014-03-02T12:45:03Z" finished-at="2014-03-02T12:45:03Z">
          <reporter-output>
          </reporter-output>
        </test-method> <!-- setup -->
      </class> <!-- predictive.testPredictivePrototype -->
    </test> <!-- Default test -->
  </suite> <!-- Default suite -->
</testng-results>
